C:\USERS\WEAL\DOCUMENTS\PADTS\PROGRAMACION EN C\PROYECTO FINAL\PADTS_GAME\PADTS_GAME\DEBUG\VC110.PDB
C:\USERS\WEAL\DOCUMENTS\PADTS\PROGRAMACION EN C\PROYECTO FINAL\PADTS_GAME\PADTS_GAME\DEBUG\MAIN.OBJ
C:\USERS\WEAL\DOCUMENTS\PADTS\PROGRAMACION EN C\PROYECTO FINAL\PADTS_GAME\PADTS_GAME\DEBUG\OBJETO.OBJ
C:\USERS\WEAL\DOCUMENTS\PADTS\PROGRAMACION EN C\PROYECTO FINAL\PADTS_GAME\PADTS_GAME\DEBUG\SDL_FUS.OBJ
C:\USERS\WEAL\DOCUMENTS\PADTS\PROGRAMACION EN C\PROYECTO FINAL\PADTS_GAME\PADTS_GAME\DEBUG\ENEMY.OBJ
C:\USERS\WEAL\DOCUMENTS\PADTS\PROGRAMACION EN C\PROYECTO FINAL\PADTS_GAME\PADTS_GAME\DEBUG\HERO.OBJ
C:\USERS\WEAL\DOCUMENTS\PADTS\PROGRAMACION EN C\PROYECTO FINAL\PADTS_GAME\PADTS_GAME\DEBUG\BALA.OBJ
C:\USERS\WEAL\DOCUMENTS\PADTS\PROGRAMACION EN C\PROYECTO FINAL\PADTS_GAME\PADTS_GAME\DEBUG\SOUNDHANDLER.OBJ
C:\USERS\WEAL\DOCUMENTS\PADTS\PROGRAMACION EN C\PROYECTO FINAL\PADTS_GAME\PADTS_GAME\DEBUG\SOUNDEFFECT.OBJ
C:\USERS\SR. JULIO CASTILLO\DOCUMENTS\VISUAL STUDIO 2012\PROJECTS\PADTS_GAMEFINAL\PADTS_GAME\DEBUG\SOUNDHANDLER.OBJ
C:\USERS\SR. JULIO CASTILLO\DOCUMENTS\VISUAL STUDIO 2012\PROJECTS\PADTS_GAMEFINAL\PADTS_GAME\DEBUG\VC110.PDB
C:\USERS\WEAL\DOCUMENTS\PADTS\PROGRAMACION EN C\PROYECTO FINAL\PADTS_GAME\DEBUG\PADTS_GAME.ILK
C:\USERS\WEAL\DOCUMENTS\PADTS\PROGRAMACION EN C\PROYECTO FINAL\PADTS_GAME\DEBUG\PADTS_GAME.EXE
C:\USERS\WEAL\DOCUMENTS\PADTS\PROGRAMACION EN C\PROYECTO FINAL\PADTS_GAME\DEBUG\PADTS_GAME.PDB
C:\Users\Sr. Julio Castillo\Documents\Visual Studio 2012\Projects\PADTS_GameFinal\PADTS_Game\Debug\Hero.obj
C:\Users\Sr. Julio Castillo\Documents\Visual Studio 2012\Projects\PADTS_GameFinal\PADTS_Game\Debug\soundhandler.obj
C:\Users\Sr. Julio Castillo\Documents\Visual Studio 2012\Projects\PADTS_GameFinal\PADTS_Game\Debug\cl.command.1.tlog
C:\Users\Sr. Julio Castillo\Documents\Visual Studio 2012\Projects\PADTS_GameFinal\PADTS_Game\Debug\CL.read.1.tlog
C:\Users\Sr. Julio Castillo\Documents\Visual Studio 2012\Projects\PADTS_GameFinal\PADTS_Game\Debug\CL.write.1.tlog
C:\Users\Sr. Julio Castillo\Documents\Visual Studio 2012\Projects\PADTS_GameFinal\PADTS_Game\Debug\link-cvtres.read.1.tlog
C:\Users\Sr. Julio Castillo\Documents\Visual Studio 2012\Projects\PADTS_GameFinal\PADTS_Game\Debug\link-cvtres.write.1.tlog
C:\Users\Sr. Julio Castillo\Documents\Visual Studio 2012\Projects\PADTS_GameFinal\PADTS_Game\Debug\link-rc.read.1.tlog
C:\Users\Sr. Julio Castillo\Documents\Visual Studio 2012\Projects\PADTS_GameFinal\PADTS_Game\Debug\link-rc.write.1.tlog
C:\Users\Sr. Julio Castillo\Documents\Visual Studio 2012\Projects\PADTS_GameFinal\PADTS_Game\Debug\link.1192-cvtres.read.1.tlog
C:\Users\Sr. Julio Castillo\Documents\Visual Studio 2012\Projects\PADTS_GameFinal\PADTS_Game\Debug\link.1192-cvtres.write.1.tlog
C:\Users\Sr. Julio Castillo\Documents\Visual Studio 2012\Projects\PADTS_GameFinal\PADTS_Game\Debug\link.1192-rc.read.1.tlog
C:\Users\Sr. Julio Castillo\Documents\Visual Studio 2012\Projects\PADTS_GameFinal\PADTS_Game\Debug\link.1192-rc.write.1.tlog
C:\Users\Sr. Julio Castillo\Documents\Visual Studio 2012\Projects\PADTS_GameFinal\PADTS_Game\Debug\link.1192.read.1.tlog
C:\Users\Sr. Julio Castillo\Documents\Visual Studio 2012\Projects\PADTS_GameFinal\PADTS_Game\Debug\link.1192.write.1.tlog
C:\Users\Sr. Julio Castillo\Documents\Visual Studio 2012\Projects\PADTS_GameFinal\PADTS_Game\Debug\link.1416-cvtres.read.1.tlog
C:\Users\Sr. Julio Castillo\Documents\Visual Studio 2012\Projects\PADTS_GameFinal\PADTS_Game\Debug\link.1416-cvtres.write.1.tlog
C:\Users\Sr. Julio Castillo\Documents\Visual Studio 2012\Projects\PADTS_GameFinal\PADTS_Game\Debug\link.1416-rc.read.1.tlog
C:\Users\Sr. Julio Castillo\Documents\Visual Studio 2012\Projects\PADTS_GameFinal\PADTS_Game\Debug\link.1416-rc.write.1.tlog
C:\Users\Sr. Julio Castillo\Documents\Visual Studio 2012\Projects\PADTS_GameFinal\PADTS_Game\Debug\link.1416.read.1.tlog
C:\Users\Sr. Julio Castillo\Documents\Visual Studio 2012\Projects\PADTS_GameFinal\PADTS_Game\Debug\link.1416.write.1.tlog
C:\Users\Sr. Julio Castillo\Documents\Visual Studio 2012\Projects\PADTS_GameFinal\PADTS_Game\Debug\link.14960-cvtres.read.1.tlog
C:\Users\Sr. Julio Castillo\Documents\Visual Studio 2012\Projects\PADTS_GameFinal\PADTS_Game\Debug\link.14960-cvtres.write.1.tlog
C:\Users\Sr. Julio Castillo\Documents\Visual Studio 2012\Projects\PADTS_GameFinal\PADTS_Game\Debug\link.14960-rc.read.1.tlog
C:\Users\Sr. Julio Castillo\Documents\Visual Studio 2012\Projects\PADTS_GameFinal\PADTS_Game\Debug\link.14960-rc.write.1.tlog
C:\Users\Sr. Julio Castillo\Documents\Visual Studio 2012\Projects\PADTS_GameFinal\PADTS_Game\Debug\link.14960.read.1.tlog
C:\Users\Sr. Julio Castillo\Documents\Visual Studio 2012\Projects\PADTS_GameFinal\PADTS_Game\Debug\link.14960.write.1.tlog
C:\Users\Sr. Julio Castillo\Documents\Visual Studio 2012\Projects\PADTS_GameFinal\PADTS_Game\Debug\link.1556-cvtres.read.1.tlog
C:\Users\Sr. Julio Castillo\Documents\Visual Studio 2012\Projects\PADTS_GameFinal\PADTS_Game\Debug\link.1556-cvtres.write.1.tlog
C:\Users\Sr. Julio Castillo\Documents\Visual Studio 2012\Projects\PADTS_GameFinal\PADTS_Game\Debug\link.1556-rc.read.1.tlog
C:\Users\Sr. Julio Castillo\Documents\Visual Studio 2012\Projects\PADTS_GameFinal\PADTS_Game\Debug\link.1556-rc.write.1.tlog
C:\Users\Sr. Julio Castillo\Documents\Visual Studio 2012\Projects\PADTS_GameFinal\PADTS_Game\Debug\link.1556.read.1.tlog
C:\Users\Sr. Julio Castillo\Documents\Visual Studio 2012\Projects\PADTS_GameFinal\PADTS_Game\Debug\link.1556.write.1.tlog
C:\Users\Sr. Julio Castillo\Documents\Visual Studio 2012\Projects\PADTS_GameFinal\PADTS_Game\Debug\link.15808-cvtres.read.1.tlog
C:\Users\Sr. Julio Castillo\Documents\Visual Studio 2012\Projects\PADTS_GameFinal\PADTS_Game\Debug\link.15808-cvtres.write.1.tlog
C:\Users\Sr. Julio Castillo\Documents\Visual Studio 2012\Projects\PADTS_GameFinal\PADTS_Game\Debug\link.15808-rc.read.1.tlog
C:\Users\Sr. Julio Castillo\Documents\Visual Studio 2012\Projects\PADTS_GameFinal\PADTS_Game\Debug\link.15808-rc.write.1.tlog
C:\Users\Sr. Julio Castillo\Documents\Visual Studio 2012\Projects\PADTS_GameFinal\PADTS_Game\Debug\link.15808.read.1.tlog
C:\Users\Sr. Julio Castillo\Documents\Visual Studio 2012\Projects\PADTS_GameFinal\PADTS_Game\Debug\link.15808.write.1.tlog
C:\Users\Sr. Julio Castillo\Documents\Visual Studio 2012\Projects\PADTS_GameFinal\PADTS_Game\Debug\link.1688-cvtres.read.1.tlog
C:\Users\Sr. Julio Castillo\Documents\Visual Studio 2012\Projects\PADTS_GameFinal\PADTS_Game\Debug\link.1688-cvtres.write.1.tlog
C:\Users\Sr. Julio Castillo\Documents\Visual Studio 2012\Projects\PADTS_GameFinal\PADTS_Game\Debug\link.1688-rc.read.1.tlog
C:\Users\Sr. Julio Castillo\Documents\Visual Studio 2012\Projects\PADTS_GameFinal\PADTS_Game\Debug\link.1688-rc.write.1.tlog
C:\Users\Sr. Julio Castillo\Documents\Visual Studio 2012\Projects\PADTS_GameFinal\PADTS_Game\Debug\link.1688.read.1.tlog
C:\Users\Sr. Julio Castillo\Documents\Visual Studio 2012\Projects\PADTS_GameFinal\PADTS_Game\Debug\link.1688.write.1.tlog
C:\Users\Sr. Julio Castillo\Documents\Visual Studio 2012\Projects\PADTS_GameFinal\PADTS_Game\Debug\link.1780-cvtres.read.1.tlog
C:\Users\Sr. Julio Castillo\Documents\Visual Studio 2012\Projects\PADTS_GameFinal\PADTS_Game\Debug\link.1780-cvtres.write.1.tlog
C:\Users\Sr. Julio Castillo\Documents\Visual Studio 2012\Projects\PADTS_GameFinal\PADTS_Game\Debug\link.1780-rc.read.1.tlog
C:\Users\Sr. Julio Castillo\Documents\Visual Studio 2012\Projects\PADTS_GameFinal\PADTS_Game\Debug\link.1780-rc.write.1.tlog
C:\Users\Sr. Julio Castillo\Documents\Visual Studio 2012\Projects\PADTS_GameFinal\PADTS_Game\Debug\link.1780.read.1.tlog
C:\Users\Sr. Julio Castillo\Documents\Visual Studio 2012\Projects\PADTS_GameFinal\PADTS_Game\Debug\link.1780.write.1.tlog
C:\Users\Sr. Julio Castillo\Documents\Visual Studio 2012\Projects\PADTS_GameFinal\PADTS_Game\Debug\link.18108-cvtres.read.1.tlog
C:\Users\Sr. Julio Castillo\Documents\Visual Studio 2012\Projects\PADTS_GameFinal\PADTS_Game\Debug\link.18108-cvtres.write.1.tlog
C:\Users\Sr. Julio Castillo\Documents\Visual Studio 2012\Projects\PADTS_GameFinal\PADTS_Game\Debug\link.18108-rc.read.1.tlog
C:\Users\Sr. Julio Castillo\Documents\Visual Studio 2012\Projects\PADTS_GameFinal\PADTS_Game\Debug\link.18108-rc.write.1.tlog
C:\Users\Sr. Julio Castillo\Documents\Visual Studio 2012\Projects\PADTS_GameFinal\PADTS_Game\Debug\link.18108.read.1.tlog
C:\Users\Sr. Julio Castillo\Documents\Visual Studio 2012\Projects\PADTS_GameFinal\PADTS_Game\Debug\link.18108.write.1.tlog
C:\Users\Sr. Julio Castillo\Documents\Visual Studio 2012\Projects\PADTS_GameFinal\PADTS_Game\Debug\link.1828-cvtres.read.1.tlog
C:\Users\Sr. Julio Castillo\Documents\Visual Studio 2012\Projects\PADTS_GameFinal\PADTS_Game\Debug\link.1828-cvtres.write.1.tlog
C:\Users\Sr. Julio Castillo\Documents\Visual Studio 2012\Projects\PADTS_GameFinal\PADTS_Game\Debug\link.1828-rc.read.1.tlog
C:\Users\Sr. Julio Castillo\Documents\Visual Studio 2012\Projects\PADTS_GameFinal\PADTS_Game\Debug\link.1828-rc.write.1.tlog
C:\Users\Sr. Julio Castillo\Documents\Visual Studio 2012\Projects\PADTS_GameFinal\PADTS_Game\Debug\link.1828.read.1.tlog
C:\Users\Sr. Julio Castillo\Documents\Visual Studio 2012\Projects\PADTS_GameFinal\PADTS_Game\Debug\link.1828.write.1.tlog
C:\Users\Sr. Julio Castillo\Documents\Visual Studio 2012\Projects\PADTS_GameFinal\PADTS_Game\Debug\link.2544-cvtres.read.1.tlog
C:\Users\Sr. Julio Castillo\Documents\Visual Studio 2012\Projects\PADTS_GameFinal\PADTS_Game\Debug\link.2544-cvtres.write.1.tlog
C:\Users\Sr. Julio Castillo\Documents\Visual Studio 2012\Projects\PADTS_GameFinal\PADTS_Game\Debug\link.2544-rc.read.1.tlog
C:\Users\Sr. Julio Castillo\Documents\Visual Studio 2012\Projects\PADTS_GameFinal\PADTS_Game\Debug\link.2544-rc.write.1.tlog
C:\Users\Sr. Julio Castillo\Documents\Visual Studio 2012\Projects\PADTS_GameFinal\PADTS_Game\Debug\link.2544.read.1.tlog
C:\Users\Sr. Julio Castillo\Documents\Visual Studio 2012\Projects\PADTS_GameFinal\PADTS_Game\Debug\link.2544.write.1.tlog
C:\Users\Sr. Julio Castillo\Documents\Visual Studio 2012\Projects\PADTS_GameFinal\PADTS_Game\Debug\link.3436-cvtres.read.1.tlog
C:\Users\Sr. Julio Castillo\Documents\Visual Studio 2012\Projects\PADTS_GameFinal\PADTS_Game\Debug\link.3436-cvtres.write.1.tlog
C:\Users\Sr. Julio Castillo\Documents\Visual Studio 2012\Projects\PADTS_GameFinal\PADTS_Game\Debug\link.3436-rc.read.1.tlog
C:\Users\Sr. Julio Castillo\Documents\Visual Studio 2012\Projects\PADTS_GameFinal\PADTS_Game\Debug\link.3436-rc.write.1.tlog
C:\Users\Sr. Julio Castillo\Documents\Visual Studio 2012\Projects\PADTS_GameFinal\PADTS_Game\Debug\link.3436.read.1.tlog
C:\Users\Sr. Julio Castillo\Documents\Visual Studio 2012\Projects\PADTS_GameFinal\PADTS_Game\Debug\link.3436.write.1.tlog
C:\Users\Sr. Julio Castillo\Documents\Visual Studio 2012\Projects\PADTS_GameFinal\PADTS_Game\Debug\link.3496-cvtres.read.1.tlog
C:\Users\Sr. Julio Castillo\Documents\Visual Studio 2012\Projects\PADTS_GameFinal\PADTS_Game\Debug\link.3496-cvtres.write.1.tlog
C:\Users\Sr. Julio Castillo\Documents\Visual Studio 2012\Projects\PADTS_GameFinal\PADTS_Game\Debug\link.3496-rc.read.1.tlog
C:\Users\Sr. Julio Castillo\Documents\Visual Studio 2012\Projects\PADTS_GameFinal\PADTS_Game\Debug\link.3496-rc.write.1.tlog
C:\Users\Sr. Julio Castillo\Documents\Visual Studio 2012\Projects\PADTS_GameFinal\PADTS_Game\Debug\link.3496.read.1.tlog
C:\Users\Sr. Julio Castillo\Documents\Visual Studio 2012\Projects\PADTS_GameFinal\PADTS_Game\Debug\link.3496.write.1.tlog
C:\Users\Sr. Julio Castillo\Documents\Visual Studio 2012\Projects\PADTS_GameFinal\PADTS_Game\Debug\link.3692-cvtres.read.1.tlog
C:\Users\Sr. Julio Castillo\Documents\Visual Studio 2012\Projects\PADTS_GameFinal\PADTS_Game\Debug\link.3692-cvtres.write.1.tlog
C:\Users\Sr. Julio Castillo\Documents\Visual Studio 2012\Projects\PADTS_GameFinal\PADTS_Game\Debug\link.3692-rc.read.1.tlog
C:\Users\Sr. Julio Castillo\Documents\Visual Studio 2012\Projects\PADTS_GameFinal\PADTS_Game\Debug\link.3692-rc.write.1.tlog
C:\Users\Sr. Julio Castillo\Documents\Visual Studio 2012\Projects\PADTS_GameFinal\PADTS_Game\Debug\link.3692.read.1.tlog
C:\Users\Sr. Julio Castillo\Documents\Visual Studio 2012\Projects\PADTS_GameFinal\PADTS_Game\Debug\link.3692.write.1.tlog
C:\Users\Sr. Julio Castillo\Documents\Visual Studio 2012\Projects\PADTS_GameFinal\PADTS_Game\Debug\link.4008-cvtres.read.1.tlog
C:\Users\Sr. Julio Castillo\Documents\Visual Studio 2012\Projects\PADTS_GameFinal\PADTS_Game\Debug\link.4008-cvtres.write.1.tlog
C:\Users\Sr. Julio Castillo\Documents\Visual Studio 2012\Projects\PADTS_GameFinal\PADTS_Game\Debug\link.4008-rc.read.1.tlog
C:\Users\Sr. Julio Castillo\Documents\Visual Studio 2012\Projects\PADTS_GameFinal\PADTS_Game\Debug\link.4008-rc.write.1.tlog
C:\Users\Sr. Julio Castillo\Documents\Visual Studio 2012\Projects\PADTS_GameFinal\PADTS_Game\Debug\link.4008.read.1.tlog
C:\Users\Sr. Julio Castillo\Documents\Visual Studio 2012\Projects\PADTS_GameFinal\PADTS_Game\Debug\link.4008.write.1.tlog
C:\Users\Sr. Julio Castillo\Documents\Visual Studio 2012\Projects\PADTS_GameFinal\PADTS_Game\Debug\link.4080.read.1.tlog
C:\Users\Sr. Julio Castillo\Documents\Visual Studio 2012\Projects\PADTS_GameFinal\PADTS_Game\Debug\link.4080.write.1.tlog
C:\Users\Sr. Julio Castillo\Documents\Visual Studio 2012\Projects\PADTS_GameFinal\PADTS_Game\Debug\link.4132-cvtres.read.1.tlog
C:\Users\Sr. Julio Castillo\Documents\Visual Studio 2012\Projects\PADTS_GameFinal\PADTS_Game\Debug\link.4132-cvtres.write.1.tlog
C:\Users\Sr. Julio Castillo\Documents\Visual Studio 2012\Projects\PADTS_GameFinal\PADTS_Game\Debug\link.4132-rc.read.1.tlog
C:\Users\Sr. Julio Castillo\Documents\Visual Studio 2012\Projects\PADTS_GameFinal\PADTS_Game\Debug\link.4132-rc.write.1.tlog
C:\Users\Sr. Julio Castillo\Documents\Visual Studio 2012\Projects\PADTS_GameFinal\PADTS_Game\Debug\link.4132.read.1.tlog
C:\Users\Sr. Julio Castillo\Documents\Visual Studio 2012\Projects\PADTS_GameFinal\PADTS_Game\Debug\link.4132.write.1.tlog
C:\Users\Sr. Julio Castillo\Documents\Visual Studio 2012\Projects\PADTS_GameFinal\PADTS_Game\Debug\link.4164-cvtres.read.1.tlog
C:\Users\Sr. Julio Castillo\Documents\Visual Studio 2012\Projects\PADTS_GameFinal\PADTS_Game\Debug\link.4164-cvtres.write.1.tlog
C:\Users\Sr. Julio Castillo\Documents\Visual Studio 2012\Projects\PADTS_GameFinal\PADTS_Game\Debug\link.4164-rc.read.1.tlog
C:\Users\Sr. Julio Castillo\Documents\Visual Studio 2012\Projects\PADTS_GameFinal\PADTS_Game\Debug\link.4164-rc.write.1.tlog
C:\Users\Sr. Julio Castillo\Documents\Visual Studio 2012\Projects\PADTS_GameFinal\PADTS_Game\Debug\link.4164.read.1.tlog
C:\Users\Sr. Julio Castillo\Documents\Visual Studio 2012\Projects\PADTS_GameFinal\PADTS_Game\Debug\link.4164.write.1.tlog
C:\Users\Sr. Julio Castillo\Documents\Visual Studio 2012\Projects\PADTS_GameFinal\PADTS_Game\Debug\link.440-cvtres.read.1.tlog
C:\Users\Sr. Julio Castillo\Documents\Visual Studio 2012\Projects\PADTS_GameFinal\PADTS_Game\Debug\link.440-cvtres.write.1.tlog
C:\Users\Sr. Julio Castillo\Documents\Visual Studio 2012\Projects\PADTS_GameFinal\PADTS_Game\Debug\link.440-rc.read.1.tlog
C:\Users\Sr. Julio Castillo\Documents\Visual Studio 2012\Projects\PADTS_GameFinal\PADTS_Game\Debug\link.440-rc.write.1.tlog
C:\Users\Sr. Julio Castillo\Documents\Visual Studio 2012\Projects\PADTS_GameFinal\PADTS_Game\Debug\link.440.read.1.tlog
C:\Users\Sr. Julio Castillo\Documents\Visual Studio 2012\Projects\PADTS_GameFinal\PADTS_Game\Debug\link.440.write.1.tlog
C:\Users\Sr. Julio Castillo\Documents\Visual Studio 2012\Projects\PADTS_GameFinal\PADTS_Game\Debug\link.4416-cvtres.read.1.tlog
C:\Users\Sr. Julio Castillo\Documents\Visual Studio 2012\Projects\PADTS_GameFinal\PADTS_Game\Debug\link.4416-cvtres.write.1.tlog
C:\Users\Sr. Julio Castillo\Documents\Visual Studio 2012\Projects\PADTS_GameFinal\PADTS_Game\Debug\link.4416-rc.read.1.tlog
C:\Users\Sr. Julio Castillo\Documents\Visual Studio 2012\Projects\PADTS_GameFinal\PADTS_Game\Debug\link.4416-rc.write.1.tlog
C:\Users\Sr. Julio Castillo\Documents\Visual Studio 2012\Projects\PADTS_GameFinal\PADTS_Game\Debug\link.4416.read.1.tlog
C:\Users\Sr. Julio Castillo\Documents\Visual Studio 2012\Projects\PADTS_GameFinal\PADTS_Game\Debug\link.4416.write.1.tlog
C:\Users\Sr. Julio Castillo\Documents\Visual Studio 2012\Projects\PADTS_GameFinal\PADTS_Game\Debug\link.4656-cvtres.read.1.tlog
C:\Users\Sr. Julio Castillo\Documents\Visual Studio 2012\Projects\PADTS_GameFinal\PADTS_Game\Debug\link.4656-cvtres.write.1.tlog
C:\Users\Sr. Julio Castillo\Documents\Visual Studio 2012\Projects\PADTS_GameFinal\PADTS_Game\Debug\link.4656-rc.read.1.tlog
C:\Users\Sr. Julio Castillo\Documents\Visual Studio 2012\Projects\PADTS_GameFinal\PADTS_Game\Debug\link.4656-rc.write.1.tlog
C:\Users\Sr. Julio Castillo\Documents\Visual Studio 2012\Projects\PADTS_GameFinal\PADTS_Game\Debug\link.4656.read.1.tlog
C:\Users\Sr. Julio Castillo\Documents\Visual Studio 2012\Projects\PADTS_GameFinal\PADTS_Game\Debug\link.4656.write.1.tlog
C:\Users\Sr. Julio Castillo\Documents\Visual Studio 2012\Projects\PADTS_GameFinal\PADTS_Game\Debug\link.4680-cvtres.read.1.tlog
C:\Users\Sr. Julio Castillo\Documents\Visual Studio 2012\Projects\PADTS_GameFinal\PADTS_Game\Debug\link.4680-cvtres.write.1.tlog
C:\Users\Sr. Julio Castillo\Documents\Visual Studio 2012\Projects\PADTS_GameFinal\PADTS_Game\Debug\link.4680-rc.read.1.tlog
C:\Users\Sr. Julio Castillo\Documents\Visual Studio 2012\Projects\PADTS_GameFinal\PADTS_Game\Debug\link.4680-rc.write.1.tlog
C:\Users\Sr. Julio Castillo\Documents\Visual Studio 2012\Projects\PADTS_GameFinal\PADTS_Game\Debug\link.4680.read.1.tlog
C:\Users\Sr. Julio Castillo\Documents\Visual Studio 2012\Projects\PADTS_GameFinal\PADTS_Game\Debug\link.4680.write.1.tlog
C:\Users\Sr. Julio Castillo\Documents\Visual Studio 2012\Projects\PADTS_GameFinal\PADTS_Game\Debug\link.4920-cvtres.read.1.tlog
C:\Users\Sr. Julio Castillo\Documents\Visual Studio 2012\Projects\PADTS_GameFinal\PADTS_Game\Debug\link.4920-cvtres.write.1.tlog
C:\Users\Sr. Julio Castillo\Documents\Visual Studio 2012\Projects\PADTS_GameFinal\PADTS_Game\Debug\link.4920-rc.read.1.tlog
C:\Users\Sr. Julio Castillo\Documents\Visual Studio 2012\Projects\PADTS_GameFinal\PADTS_Game\Debug\link.4920-rc.write.1.tlog
C:\Users\Sr. Julio Castillo\Documents\Visual Studio 2012\Projects\PADTS_GameFinal\PADTS_Game\Debug\link.4920.read.1.tlog
C:\Users\Sr. Julio Castillo\Documents\Visual Studio 2012\Projects\PADTS_GameFinal\PADTS_Game\Debug\link.4920.write.1.tlog
C:\Users\Sr. Julio Castillo\Documents\Visual Studio 2012\Projects\PADTS_GameFinal\PADTS_Game\Debug\link.4924-cvtres.read.1.tlog
C:\Users\Sr. Julio Castillo\Documents\Visual Studio 2012\Projects\PADTS_GameFinal\PADTS_Game\Debug\link.4924-cvtres.write.1.tlog
C:\Users\Sr. Julio Castillo\Documents\Visual Studio 2012\Projects\PADTS_GameFinal\PADTS_Game\Debug\link.4924-rc.read.1.tlog
C:\Users\Sr. Julio Castillo\Documents\Visual Studio 2012\Projects\PADTS_GameFinal\PADTS_Game\Debug\link.4924-rc.write.1.tlog
C:\Users\Sr. Julio Castillo\Documents\Visual Studio 2012\Projects\PADTS_GameFinal\PADTS_Game\Debug\link.4924.read.1.tlog
C:\Users\Sr. Julio Castillo\Documents\Visual Studio 2012\Projects\PADTS_GameFinal\PADTS_Game\Debug\link.4924.write.1.tlog
C:\Users\Sr. Julio Castillo\Documents\Visual Studio 2012\Projects\PADTS_GameFinal\PADTS_Game\Debug\link.5012-cvtres.read.1.tlog
C:\Users\Sr. Julio Castillo\Documents\Visual Studio 2012\Projects\PADTS_GameFinal\PADTS_Game\Debug\link.5012-cvtres.write.1.tlog
C:\Users\Sr. Julio Castillo\Documents\Visual Studio 2012\Projects\PADTS_GameFinal\PADTS_Game\Debug\link.5012-rc.read.1.tlog
C:\Users\Sr. Julio Castillo\Documents\Visual Studio 2012\Projects\PADTS_GameFinal\PADTS_Game\Debug\link.5012-rc.write.1.tlog
C:\Users\Sr. Julio Castillo\Documents\Visual Studio 2012\Projects\PADTS_GameFinal\PADTS_Game\Debug\link.5012.read.1.tlog
C:\Users\Sr. Julio Castillo\Documents\Visual Studio 2012\Projects\PADTS_GameFinal\PADTS_Game\Debug\link.5012.write.1.tlog
C:\Users\Sr. Julio Castillo\Documents\Visual Studio 2012\Projects\PADTS_GameFinal\PADTS_Game\Debug\link.5068-cvtres.read.1.tlog
C:\Users\Sr. Julio Castillo\Documents\Visual Studio 2012\Projects\PADTS_GameFinal\PADTS_Game\Debug\link.5068-cvtres.write.1.tlog
C:\Users\Sr. Julio Castillo\Documents\Visual Studio 2012\Projects\PADTS_GameFinal\PADTS_Game\Debug\link.5068-rc.read.1.tlog
C:\Users\Sr. Julio Castillo\Documents\Visual Studio 2012\Projects\PADTS_GameFinal\PADTS_Game\Debug\link.5068-rc.write.1.tlog
C:\Users\Sr. Julio Castillo\Documents\Visual Studio 2012\Projects\PADTS_GameFinal\PADTS_Game\Debug\link.5068.read.1.tlog
C:\Users\Sr. Julio Castillo\Documents\Visual Studio 2012\Projects\PADTS_GameFinal\PADTS_Game\Debug\link.5068.write.1.tlog
C:\Users\Sr. Julio Castillo\Documents\Visual Studio 2012\Projects\PADTS_GameFinal\PADTS_Game\Debug\link.5080-cvtres.read.1.tlog
C:\Users\Sr. Julio Castillo\Documents\Visual Studio 2012\Projects\PADTS_GameFinal\PADTS_Game\Debug\link.5080-cvtres.write.1.tlog
C:\Users\Sr. Julio Castillo\Documents\Visual Studio 2012\Projects\PADTS_GameFinal\PADTS_Game\Debug\link.5080-rc.read.1.tlog
C:\Users\Sr. Julio Castillo\Documents\Visual Studio 2012\Projects\PADTS_GameFinal\PADTS_Game\Debug\link.5080-rc.write.1.tlog
C:\Users\Sr. Julio Castillo\Documents\Visual Studio 2012\Projects\PADTS_GameFinal\PADTS_Game\Debug\link.5080.read.1.tlog
C:\Users\Sr. Julio Castillo\Documents\Visual Studio 2012\Projects\PADTS_GameFinal\PADTS_Game\Debug\link.5080.write.1.tlog
C:\Users\Sr. Julio Castillo\Documents\Visual Studio 2012\Projects\PADTS_GameFinal\PADTS_Game\Debug\link.5272-cvtres.read.1.tlog
C:\Users\Sr. Julio Castillo\Documents\Visual Studio 2012\Projects\PADTS_GameFinal\PADTS_Game\Debug\link.5272-cvtres.write.1.tlog
C:\Users\Sr. Julio Castillo\Documents\Visual Studio 2012\Projects\PADTS_GameFinal\PADTS_Game\Debug\link.5272-rc.read.1.tlog
C:\Users\Sr. Julio Castillo\Documents\Visual Studio 2012\Projects\PADTS_GameFinal\PADTS_Game\Debug\link.5272-rc.write.1.tlog
C:\Users\Sr. Julio Castillo\Documents\Visual Studio 2012\Projects\PADTS_GameFinal\PADTS_Game\Debug\link.5272.read.1.tlog
C:\Users\Sr. Julio Castillo\Documents\Visual Studio 2012\Projects\PADTS_GameFinal\PADTS_Game\Debug\link.5272.write.1.tlog
C:\Users\Sr. Julio Castillo\Documents\Visual Studio 2012\Projects\PADTS_GameFinal\PADTS_Game\Debug\link.5476-cvtres.read.1.tlog
C:\Users\Sr. Julio Castillo\Documents\Visual Studio 2012\Projects\PADTS_GameFinal\PADTS_Game\Debug\link.5476-cvtres.write.1.tlog
C:\Users\Sr. Julio Castillo\Documents\Visual Studio 2012\Projects\PADTS_GameFinal\PADTS_Game\Debug\link.5476-rc.read.1.tlog
C:\Users\Sr. Julio Castillo\Documents\Visual Studio 2012\Projects\PADTS_GameFinal\PADTS_Game\Debug\link.5476-rc.write.1.tlog
C:\Users\Sr. Julio Castillo\Documents\Visual Studio 2012\Projects\PADTS_GameFinal\PADTS_Game\Debug\link.5476.read.1.tlog
C:\Users\Sr. Julio Castillo\Documents\Visual Studio 2012\Projects\PADTS_GameFinal\PADTS_Game\Debug\link.5476.write.1.tlog
C:\Users\Sr. Julio Castillo\Documents\Visual Studio 2012\Projects\PADTS_GameFinal\PADTS_Game\Debug\link.5732-cvtres.read.1.tlog
C:\Users\Sr. Julio Castillo\Documents\Visual Studio 2012\Projects\PADTS_GameFinal\PADTS_Game\Debug\link.5732-cvtres.write.1.tlog
C:\Users\Sr. Julio Castillo\Documents\Visual Studio 2012\Projects\PADTS_GameFinal\PADTS_Game\Debug\link.5732-rc.read.1.tlog
C:\Users\Sr. Julio Castillo\Documents\Visual Studio 2012\Projects\PADTS_GameFinal\PADTS_Game\Debug\link.5732-rc.write.1.tlog
C:\Users\Sr. Julio Castillo\Documents\Visual Studio 2012\Projects\PADTS_GameFinal\PADTS_Game\Debug\link.5732.read.1.tlog
C:\Users\Sr. Julio Castillo\Documents\Visual Studio 2012\Projects\PADTS_GameFinal\PADTS_Game\Debug\link.5732.write.1.tlog
C:\Users\Sr. Julio Castillo\Documents\Visual Studio 2012\Projects\PADTS_GameFinal\PADTS_Game\Debug\link.5824-cvtres.read.1.tlog
C:\Users\Sr. Julio Castillo\Documents\Visual Studio 2012\Projects\PADTS_GameFinal\PADTS_Game\Debug\link.5824-cvtres.write.1.tlog
C:\Users\Sr. Julio Castillo\Documents\Visual Studio 2012\Projects\PADTS_GameFinal\PADTS_Game\Debug\link.5824-rc.read.1.tlog
C:\Users\Sr. Julio Castillo\Documents\Visual Studio 2012\Projects\PADTS_GameFinal\PADTS_Game\Debug\link.5824-rc.write.1.tlog
C:\Users\Sr. Julio Castillo\Documents\Visual Studio 2012\Projects\PADTS_GameFinal\PADTS_Game\Debug\link.5824.read.1.tlog
C:\Users\Sr. Julio Castillo\Documents\Visual Studio 2012\Projects\PADTS_GameFinal\PADTS_Game\Debug\link.5824.write.1.tlog
C:\Users\Sr. Julio Castillo\Documents\Visual Studio 2012\Projects\PADTS_GameFinal\PADTS_Game\Debug\link.5852-cvtres.read.1.tlog
C:\Users\Sr. Julio Castillo\Documents\Visual Studio 2012\Projects\PADTS_GameFinal\PADTS_Game\Debug\link.5852-cvtres.write.1.tlog
C:\Users\Sr. Julio Castillo\Documents\Visual Studio 2012\Projects\PADTS_GameFinal\PADTS_Game\Debug\link.5852-rc.read.1.tlog
C:\Users\Sr. Julio Castillo\Documents\Visual Studio 2012\Projects\PADTS_GameFinal\PADTS_Game\Debug\link.5852-rc.write.1.tlog
C:\Users\Sr. Julio Castillo\Documents\Visual Studio 2012\Projects\PADTS_GameFinal\PADTS_Game\Debug\link.5852.read.1.tlog
C:\Users\Sr. Julio Castillo\Documents\Visual Studio 2012\Projects\PADTS_GameFinal\PADTS_Game\Debug\link.5852.write.1.tlog
C:\Users\Sr. Julio Castillo\Documents\Visual Studio 2012\Projects\PADTS_GameFinal\PADTS_Game\Debug\link.6512-cvtres.read.1.tlog
C:\Users\Sr. Julio Castillo\Documents\Visual Studio 2012\Projects\PADTS_GameFinal\PADTS_Game\Debug\link.6512-cvtres.write.1.tlog
C:\Users\Sr. Julio Castillo\Documents\Visual Studio 2012\Projects\PADTS_GameFinal\PADTS_Game\Debug\link.6512-rc.read.1.tlog
C:\Users\Sr. Julio Castillo\Documents\Visual Studio 2012\Projects\PADTS_GameFinal\PADTS_Game\Debug\link.6512-rc.write.1.tlog
C:\Users\Sr. Julio Castillo\Documents\Visual Studio 2012\Projects\PADTS_GameFinal\PADTS_Game\Debug\link.6512.read.1.tlog
C:\Users\Sr. Julio Castillo\Documents\Visual Studio 2012\Projects\PADTS_GameFinal\PADTS_Game\Debug\link.6512.write.1.tlog
C:\Users\Sr. Julio Castillo\Documents\Visual Studio 2012\Projects\PADTS_GameFinal\PADTS_Game\Debug\link.656-cvtres.read.1.tlog
C:\Users\Sr. Julio Castillo\Documents\Visual Studio 2012\Projects\PADTS_GameFinal\PADTS_Game\Debug\link.656-cvtres.write.1.tlog
C:\Users\Sr. Julio Castillo\Documents\Visual Studio 2012\Projects\PADTS_GameFinal\PADTS_Game\Debug\link.656-rc.read.1.tlog
C:\Users\Sr. Julio Castillo\Documents\Visual Studio 2012\Projects\PADTS_GameFinal\PADTS_Game\Debug\link.656-rc.write.1.tlog
C:\Users\Sr. Julio Castillo\Documents\Visual Studio 2012\Projects\PADTS_GameFinal\PADTS_Game\Debug\link.656.read.1.tlog
C:\Users\Sr. Julio Castillo\Documents\Visual Studio 2012\Projects\PADTS_GameFinal\PADTS_Game\Debug\link.656.write.1.tlog
C:\Users\Sr. Julio Castillo\Documents\Visual Studio 2012\Projects\PADTS_GameFinal\PADTS_Game\Debug\link.7880-cvtres.read.1.tlog
C:\Users\Sr. Julio Castillo\Documents\Visual Studio 2012\Projects\PADTS_GameFinal\PADTS_Game\Debug\link.7880-cvtres.write.1.tlog
C:\Users\Sr. Julio Castillo\Documents\Visual Studio 2012\Projects\PADTS_GameFinal\PADTS_Game\Debug\link.7880-rc.read.1.tlog
C:\Users\Sr. Julio Castillo\Documents\Visual Studio 2012\Projects\PADTS_GameFinal\PADTS_Game\Debug\link.7880-rc.write.1.tlog
C:\Users\Sr. Julio Castillo\Documents\Visual Studio 2012\Projects\PADTS_GameFinal\PADTS_Game\Debug\link.7880.read.1.tlog
C:\Users\Sr. Julio Castillo\Documents\Visual Studio 2012\Projects\PADTS_GameFinal\PADTS_Game\Debug\link.7880.write.1.tlog
C:\Users\Sr. Julio Castillo\Documents\Visual Studio 2012\Projects\PADTS_GameFinal\PADTS_Game\Debug\link.888-cvtres.read.1.tlog
C:\Users\Sr. Julio Castillo\Documents\Visual Studio 2012\Projects\PADTS_GameFinal\PADTS_Game\Debug\link.888-cvtres.write.1.tlog
C:\Users\Sr. Julio Castillo\Documents\Visual Studio 2012\Projects\PADTS_GameFinal\PADTS_Game\Debug\link.888-rc.read.1.tlog
C:\Users\Sr. Julio Castillo\Documents\Visual Studio 2012\Projects\PADTS_GameFinal\PADTS_Game\Debug\link.888-rc.write.1.tlog
C:\Users\Sr. Julio Castillo\Documents\Visual Studio 2012\Projects\PADTS_GameFinal\PADTS_Game\Debug\link.888.read.1.tlog
C:\Users\Sr. Julio Castillo\Documents\Visual Studio 2012\Projects\PADTS_GameFinal\PADTS_Game\Debug\link.888.write.1.tlog
C:\Users\Sr. Julio Castillo\Documents\Visual Studio 2012\Projects\PADTS_GameFinal\PADTS_Game\Debug\link.936-cvtres.read.1.tlog
C:\Users\Sr. Julio Castillo\Documents\Visual Studio 2012\Projects\PADTS_GameFinal\PADTS_Game\Debug\link.936-cvtres.write.1.tlog
C:\Users\Sr. Julio Castillo\Documents\Visual Studio 2012\Projects\PADTS_GameFinal\PADTS_Game\Debug\link.936-rc.read.1.tlog
C:\Users\Sr. Julio Castillo\Documents\Visual Studio 2012\Projects\PADTS_GameFinal\PADTS_Game\Debug\link.936-rc.write.1.tlog
C:\Users\Sr. Julio Castillo\Documents\Visual Studio 2012\Projects\PADTS_GameFinal\PADTS_Game\Debug\link.936.read.1.tlog
C:\Users\Sr. Julio Castillo\Documents\Visual Studio 2012\Projects\PADTS_GameFinal\PADTS_Game\Debug\link.936.write.1.tlog
C:\Users\Sr. Julio Castillo\Documents\Visual Studio 2012\Projects\PADTS_GameFinal\PADTS_Game\Debug\link.command.1.tlog
C:\Users\Sr. Julio Castillo\Documents\Visual Studio 2012\Projects\PADTS_GameFinal\PADTS_Game\Debug\link.read.1.tlog
C:\Users\Sr. Julio Castillo\Documents\Visual Studio 2012\Projects\PADTS_GameFinal\PADTS_Game\Debug\link.write.1.tlog
C:\Users\Sr. Julio Castillo\Documents\Visual Studio 2012\Projects\PADTS_GameFinal\PADTS_Game\Debug\vc110.idb
C:\Users\Sr. Julio Castillo\Documents\Visual Studio 2012\Projects\PADTS_GameFinal\PADTS_Game\Debug\vc110.pdb
C:\Users\Sr. Julio Castillo\Documents\Visual Studio 2012\Projects\PADTS_GameFinal\Debug\PADTS_Game.pdb
C:\Users\Sr. Julio Castillo\Documents\Visual Studio 2012\Projects\PADTS_GameFinal\Debug\PADTS_Game.exe
C:\Users\Sr. Julio Castillo\Documents\Visual Studio 2012\Projects\PADTS_GameFinal\Debug\PADTS_Game.ilk
