Build started 06/01/2015 22:40:26.
     1>Project "C:\Users\Angel\repos\Cin2014\course\week4\shared\library\library\library.vcxproj" on node 2 (build target(s)).
     1>InitializeBuildStatus:
         Touching "Release\library.unsuccessfulbuild".
       ClCompile:
         All outputs are up-to-date.
         All outputs are up-to-date.
         c:\Program Files (x86)\Microsoft Visual Studio 10.0\VC\bin\CL.exe /c /Zi /nologo /W3 /WX- /O2 /Oi /Oy- /GL /D WIN32 /D NDEBUG /D _WINDOWS /D _USRDLL /D LIBRARY_EXPORTS /D _WINDLL /D _UNICODE /D UNICODE /Gm- /EHsc /MD /GS /Gy /fp:precise /Zc:wchar_t /Zc:forScope /Yu"StdAfx.h" /Fp"Release\library.pch" /Fo"Release\\" /Fd"Release\vc100.pdb" /Gd /TP /analyze- /errorReport:prompt operations.cpp
         operations.cpp
       Link:
         c:\Program Files (x86)\Microsoft Visual Studio 10.0\VC\bin\link.exe /ERRORREPORT:PROMPT /OUT:"C:\Users\Angel\repos\Cin2014\course\week4\shared\library\Release\library.dll" /INCREMENTAL:NO /NOLOGO kernel32.lib user32.lib gdi32.lib winspool.lib comdlg32.lib advapi32.lib shell32.lib ole32.lib oleaut32.lib uuid.lib odbc32.lib odbccp32.lib /MANIFEST /ManifestFile:"Release\library.dll.intermediate.manifest" /MANIFESTUAC:"level='asInvoker' uiAccess='false'" /DEBUG /PDB:"C:\Users\Angel\repos\Cin2014\course\week4\shared\library\Release\library.pdb" /SUBSYSTEM:WINDOWS /OPT:REF /OPT:ICF /LTCG /TLBID:1 /DYNAMICBASE /NXCOMPAT /IMPLIB:"C:\Users\Angel\repos\Cin2014\course\week4\shared\library\Release\library.lib" /MACHINE:X86 /DLL Release\dllmain.obj
         Release\operations.obj
         Release\stdafx.obj
            Creating library C:\Users\Angel\repos\Cin2014\course\week4\shared\library\Release\library.lib and object C:\Users\Angel\repos\Cin2014\course\week4\shared\library\Release\library.exp
         Generating code
         Finished generating code
         library.vcxproj -> C:\Users\Angel\repos\Cin2014\course\week4\shared\library\Release\library.dll
       Manifest:
         c:\Program Files (x86)\Microsoft SDKs\Windows\v7.0A\bin\mt.exe /nologo /verbose /outputresource:"C:\Users\Angel\repos\Cin2014\course\week4\shared\library\Release\library.dll;#2" /manifest Release\library.dll.intermediate.manifest
       FinalizeBuildStatus:
         Deleting file "Release\library.unsuccessfulbuild".
         Touching "Release\library.lastbuildstate".
     1>Done Building Project "C:\Users\Angel\repos\Cin2014\course\week4\shared\library\library\library.vcxproj" (build target(s)).

Build succeeded.

Time Elapsed 00:00:00.34
