Build started 06/01/2015 22:19:17.
     1>Project "C:\Users\Angel\repos\Cin2014\course\week4\shared\library\library\library.vcxproj" on node 2 (build target(s)).
     1>InitializeBuildStatus:
         Creating "Debug\library.unsuccessfulbuild" because "AlwaysCreate" was specified.
       ClCompile:
         All outputs are up-to-date.
         c:\Program Files (x86)\Microsoft Visual Studio 10.0\VC\bin\CL.exe /c /ZI /nologo /W3 /WX- /Od /Oy- /D WIN32 /D _DEBUG /D _WINDOWS /D _USRDLL /D LIBRARY_EXPORTS /D _WINDLL /D _UNICODE /D UNICODE /Gm /EHsc /RTC1 /MDd /GS /fp:precise /Zc:wchar_t /Zc:forScope /Fo"Debug\\" /Fd"Debug\vc100.pdb" /Gd /TP /analyze- /errorReport:prompt dllmain.cpp
         dllmain.cpp
         c:\Program Files (x86)\Microsoft Visual Studio 10.0\VC\bin\CL.exe /c /ZI /nologo /W3 /WX- /Od /Oy- /D WIN32 /D _DEBUG /D _WINDOWS /D _USRDLL /D LIBRARY_EXPORTS /D _WINDLL /D _UNICODE /D UNICODE /Gm /EHsc /RTC1 /MDd /GS /fp:precise /Zc:wchar_t /Zc:forScope /Yu"StdAfx.h" /Fp"Debug\library.pch" /Fo"Debug\\" /Fd"Debug\vc100.pdb" /Gd /TP /analyze- /errorReport:prompt operations.cpp
         operations.cpp
       ManifestResourceCompile:
         All outputs are up-to-date.
       Link:
         c:\Program Files (x86)\Microsoft Visual Studio 10.0\VC\bin\link.exe /ERRORREPORT:PROMPT /OUT:"C:\Users\Angel\repos\Cin2014\course\week4\shared\library\Debug\library.dll" /INCREMENTAL /NOLOGO kernel32.lib user32.lib gdi32.lib winspool.lib comdlg32.lib advapi32.lib shell32.lib ole32.lib oleaut32.lib uuid.lib odbc32.lib odbccp32.lib /MANIFEST /ManifestFile:"Debug\library.dll.intermediate.manifest" /MANIFESTUAC:"level='asInvoker' uiAccess='false'" /DEBUG /PDB:"C:\Users\Angel\repos\Cin2014\course\week4\shared\library\Debug\library.pdb" /SUBSYSTEM:WINDOWS /TLBID:1 /DYNAMICBASE /NXCOMPAT /IMPLIB:"C:\Users\Angel\repos\Cin2014\course\week4\shared\library\Debug\library.lib" /MACHINE:X86 /DLL Debug\library.dll.embed.manifest.res
         Debug\dllmain.obj
         Debug\operations.obj
         Debug\stdafx.obj
       Manifest:
         c:\Program Files (x86)\Microsoft SDKs\Windows\v7.0A\bin\mt.exe /nologo /verbose /out:"Debug\library.dll.embed.manifest" /manifest Debug\library.dll.intermediate.manifest
         All outputs are up-to-date.
       LinkEmbedManifest:
         All outputs are up-to-date.
         library.vcxproj -> C:\Users\Angel\repos\Cin2014\course\week4\shared\library\Debug\library.dll
       FinalizeBuildStatus:
         Deleting file "Debug\library.unsuccessfulbuild".
         Touching "Debug\library.lastbuildstate".
     1>Done Building Project "C:\Users\Angel\repos\Cin2014\course\week4\shared\library\library\library.vcxproj" (build target(s)).

Build succeeded.

Time Elapsed 00:00:01.94
